# JRE version: Java(TM) SE Runtime Environment (8.0_191-b12) (build 1.8.0_191-b12)
# Java VM: Java HotSpot(TM) 64-Bit Server VM (25.191-b12 mixed mode linux-amd64 compressed oops)
Heap:
 PSYoungGen      total 36352K, used 29647K [0x00000000d7a00000, 0x00000000da280000, 0x0000000100000000)
  eden space 31232K, 78% used [0x00000000d7a00000,0x00000000d91fb508,0x00000000d9880000)
  from space 5120K, 99% used [0x00000000d9d80000,0x00000000da2788f0,0x00000000da280000)
  to   space 5120K, 0% used [0x00000000d9880000,0x00000000d9880000,0x00000000d9d80000)
 ParOldGen       total 83456K, used 12237K [0x0000000086e00000, 0x000000008bf80000, 0x00000000d7a00000)
  object space 83456K, 14% used [0x0000000086e00000,0x00000000879f3730,0x000000008bf80000)
 Metaspace       used 18790K, capacity 19052K, committed 19584K, reserved 1067008K
  class space    used 2231K, capacity 2310K, committed 2432K, reserved 1048576K
GC Heap History (4 events):
Event: 5.406 GC heap before
{Heap before GC invocations=1 (full 0):
 PSYoungGen      total 36352K, used 31232K [0x00000000d7a00000, 0x00000000da280000, 0x0000000100000000)
  eden space 31232K, 100% used [0x00000000d7a00000,0x00000000d9880000,0x00000000d9880000)
  from space 5120K, 0% used [0x00000000d9d80000,0x00000000d9d80000,0x00000000da280000)
  to   space 5120K, 0% used [0x00000000d9880000,0x00000000d9880000,0x00000000d9d80000)
 ParOldGen       total 83456K, used 0K [0x0000000086e00000, 0x000000008bf80000, 0x00000000d7a00000)
  object space 83456K, 0% used [0x0000000086e00000,0x0000000086e00000,0x000000008bf80000)
 Metaspace       used 16930K, capacity 17156K, committed 17408K, reserved 1064960K
  class space    used 2100K, capacity 2190K, committed 2304K, reserved 1048576K
Event: 5.422 GC heap after
Heap after GC invocations=1 (full 0):
 PSYoungGen      total 36352K, used 5104K [0x00000000d7a00000, 0x00000000da280000, 0x0000000100000000)
  eden space 31232K, 0% used [0x00000000d7a00000,0x00000000d7a00000,0x00000000d9880000)
  from space 5120K, 99% used [0x00000000d9880000,0x00000000d9d7c0a0,0x00000000d9d80000)
  to   space 5120K, 0% used [0x00000000d9d80000,0x00000000d9d80000,0x00000000da280000)
 ParOldGen       total 83456K, used 10668K [0x0000000086e00000, 0x000000008bf80000, 0x00000000d7a00000)
  object space 83456K, 12% used [0x0000000086e00000,0x000000008786b3f8,0x000000008bf80000)
 Metaspace       used 16930K, capacity 17156K, committed 17408K, reserved 1064960K
  class space    used 2100K, capacity 2190K, committed 2304K, reserved 1048576K
}
Event: 11.608 GC heap before
{Heap before GC invocations=2 (full 0):
 PSYoungGen      total 36352K, used 36336K [0x00000000d7a00000, 0x00000000da280000, 0x0000000100000000)
  eden space 31232K, 100% used [0x00000000d7a00000,0x00000000d9880000,0x00000000d9880000)
  from space 5120K, 99% used [0x00000000d9880000,0x00000000d9d7c0a0,0x00000000d9d80000)
  to   space 5120K, 0% used [0x00000000d9d80000,0x00000000d9d80000,0x00000000da280000)
 ParOldGen       total 83456K, used 10668K [0x0000000086e00000, 0x000000008bf80000, 0x00000000d7a00000)
  object space 83456K, 12% used [0x0000000086e00000,0x000000008786b3f8,0x000000008bf80000)
 Metaspace       used 18335K, capacity 18592K, committed 19072K, reserved 1067008K
  class space    used 2216K, capacity 2308K, committed 2432K, reserved 1048576K
Event: 11.618 GC heap after
Heap after GC invocations=2 (full 0):
 PSYoungGen      total 36352K, used 5090K [0x00000000d7a00000, 0x00000000da280000, 0x0000000100000000)
  eden space 31232K, 0% used [0x00000000d7a00000,0x00000000d7a00000,0x00000000d9880000)
  from space 5120K, 99% used [0x00000000d9d80000,0x00000000da2788f0,0x00000000da280000)
  to   space 5120K, 0% used [0x00000000d9880000,0x00000000d9880000,0x00000000d9d80000)
 ParOldGen       total 83456K, used 12237K [0x0000000086e00000, 0x000000008bf80000, 0x00000000d7a00000)
  object space 83456K, 14% used [0x0000000086e00000,0x00000000879f3730,0x000000008bf80000)
 Metaspace       used 18335K, capacity 18592K, committed 19072K, reserved 1067008K
  class space    used 2216K, capacity 2308K, committed 2432K, reserved 1048576K
}

