# JRE version: Java(TM) SE Runtime Environment (8.0_191-b12) (build 1.8.0_191-b12)
# Java VM: Java HotSpot(TM) 64-Bit Server VM (25.191-b12 mixed mode linux-amd64 compressed oops)
Heap:
 PSYoungGen      total 36352K, used 11312K [0x00000000d7a00000, 0x00000000da280000, 0x0000000100000000)
  eden space 31232K, 19% used [0x00000000d7a00000,0x00000000d8011888,0x00000000d9880000)
  from space 5120K, 99% used [0x00000000d9880000,0x00000000d9d7a7c0,0x00000000d9d80000)
  to   space 5120K, 0% used [0x00000000d9d80000,0x00000000d9d80000,0x00000000da280000)
 ParOldGen       total 83456K, used 21830K [0x0000000086e00000, 0x000000008bf80000, 0x00000000d7a00000)
  object space 83456K, 26% used [0x0000000086e00000,0x0000000088351978,0x000000008bf80000)
 Metaspace       used 18818K, capacity 19036K, committed 19328K, reserved 1067008K
  class space    used 2234K, capacity 2310K, committed 2432K, reserved 1048576K
GC Heap History (6 events):
Event: 5.457 GC heap before
{Heap before GC invocations=1 (full 0):
 PSYoungGen      total 36352K, used 31232K [0x00000000d7a00000, 0x00000000da280000, 0x0000000100000000)
  eden space 31232K, 100% used [0x00000000d7a00000,0x00000000d9880000,0x00000000d9880000)
  from space 5120K, 0% used [0x00000000d9d80000,0x00000000d9d80000,0x00000000da280000)
  to   space 5120K, 0% used [0x00000000d9880000,0x00000000d9880000,0x00000000d9d80000)
 ParOldGen       total 83456K, used 0K [0x0000000086e00000, 0x000000008bf80000, 0x00000000d7a00000)
  object space 83456K, 0% used [0x0000000086e00000,0x0000000086e00000,0x000000008bf80000)
 Metaspace       used 16930K, capacity 17140K, committed 17408K, reserved 1064960K
  class space    used 2102K, capacity 2190K, committed 2304K, reserved 1048576K
Event: 5.471 GC heap after
Heap after GC invocations=1 (full 0):
 PSYoungGen      total 36352K, used 5113K [0x00000000d7a00000, 0x00000000da280000, 0x0000000100000000)
  eden space 31232K, 0% used [0x00000000d7a00000,0x00000000d7a00000,0x00000000d9880000)
  from space 5120K, 99% used [0x00000000d9880000,0x00000000d9d7e7d0,0x00000000d9d80000)
  to   space 5120K, 0% used [0x00000000d9d80000,0x00000000d9d80000,0x00000000da280000)
 ParOldGen       total 83456K, used 10386K [0x0000000086e00000, 0x000000008bf80000, 0x00000000d7a00000)
  object space 83456K, 12% used [0x0000000086e00000,0x0000000087824918,0x000000008bf80000)
 Metaspace       used 16930K, capacity 17140K, committed 17408K, reserved 1064960K
  class space    used 2102K, capacity 2190K, committed 2304K, reserved 1048576K
}
Event: 29.185 GC heap before
{Heap before GC invocations=2 (full 0):
 PSYoungGen      total 36352K, used 36345K [0x00000000d7a00000, 0x00000000da280000, 0x0000000100000000)
  eden space 31232K, 100% used [0x00000000d7a00000,0x00000000d9880000,0x00000000d9880000)
  from space 5120K, 99% used [0x00000000d9880000,0x00000000d9d7e7d0,0x00000000d9d80000)
  to   space 5120K, 0% used [0x00000000d9d80000,0x00000000d9d80000,0x00000000da280000)
 ParOldGen       total 83456K, used 10386K [0x0000000086e00000, 0x000000008bf80000, 0x00000000d7a00000)
  object space 83456K, 12% used [0x0000000086e00000,0x0000000087824918,0x000000008bf80000)
 Metaspace       used 18371K, capacity 18640K, committed 19072K, reserved 1067008K
  class space    used 2219K, capacity 2308K, committed 2432K, reserved 1048576K
Event: 29.199 GC heap after
Heap after GC invocations=2 (full 0):
 PSYoungGen      total 36352K, used 5116K [0x00000000d7a00000, 0x00000000da280000, 0x0000000100000000)
  eden space 31232K, 0% used [0x00000000d7a00000,0x00000000d7a00000,0x00000000d9880000)
  from space 5120K, 99% used [0x00000000d9d80000,0x00000000da27f010,0x00000000da280000)
  to   space 5120K, 0% used [0x00000000d9880000,0x00000000d9880000,0x00000000d9d80000)
 ParOldGen       total 83456K, used 12458K [0x0000000086e00000, 0x000000008bf80000, 0x00000000d7a00000)
  object space 83456K, 14% used [0x0000000086e00000,0x0000000087a2a968,0x000000008bf80000)
 Metaspace       used 18371K, capacity 18640K, committed 19072K, reserved 1067008K
  class space    used 2219K, capacity 2308K, committed 2432K, reserved 1048576K
}
Event: 46.275 GC heap before
{Heap before GC invocations=3 (full 0):
 PSYoungGen      total 36352K, used 36348K [0x00000000d7a00000, 0x00000000da280000, 0x0000000100000000)
  eden space 31232K, 100% used [0x00000000d7a00000,0x00000000d9880000,0x00000000d9880000)
  from space 5120K, 99% used [0x00000000d9d80000,0x00000000da27f010,0x00000000da280000)
  to   space 5120K, 0% used [0x00000000d9880000,0x00000000d9880000,0x00000000d9d80000)
 ParOldGen       total 83456K, used 12458K [0x0000000086e00000, 0x000000008bf80000, 0x00000000d7a00000)
  object space 83456K, 14% used [0x0000000086e00000,0x0000000087a2a968,0x000000008bf80000)
 Metaspace       used 18795K, capacity 19036K, committed 19328K, reserved 1067008K
  class space    used 2232K, capacity 2310K, committed 2432K, reserved 1048576K
Event: 46.292 GC heap after
Heap after GC invocations=3 (full 0):
 PSYoungGen      total 36352K, used 5097K [0x00000000d7a00000, 0x00000000da280000, 0x0000000100000000)
  eden space 31232K, 0% used [0x00000000d7a00000,0x00000000d7a00000,0x00000000d9880000)
  from space 5120K, 99% used [0x00000000d9880000,0x00000000d9d7a7c0,0x00000000d9d80000)
  to   space 5120K, 0% used [0x00000000d9d80000,0x00000000d9d80000,0x00000000da280000)
 ParOldGen       total 83456K, used 21830K [0x0000000086e00000, 0x000000008bf80000, 0x00000000d7a00000)
  object space 83456K, 26% used [0x0000000086e00000,0x0000000088351978,0x000000008bf80000)
 Metaspace       used 18795K, capacity 19036K, committed 19328K, reserved 1067008K
  class space    used 2232K, capacity 2310K, committed 2432K, reserved 1048576K
}

