# JRE version: Java(TM) SE Runtime Environment (8.0_191-b12) (build 1.8.0_191-b12)
# Java VM: Java HotSpot(TM) 64-Bit Server VM (25.191-b12 mixed mode linux-amd64 compressed oops)
Heap:
 PSYoungGen      total 36352K, used 7163K [0x00000000d7a00000, 0x00000000da280000, 0x0000000100000000)
  eden space 31232K, 6% used [0x00000000d7a00000,0x00000000d7c03d38,0x00000000d9880000)
  from space 5120K, 99% used [0x00000000d9d80000,0x00000000da27aff0,0x00000000da280000)
  to   space 5120K, 0% used [0x00000000d9880000,0x00000000d9880000,0x00000000d9d80000)
 ParOldGen       total 83456K, used 12866K [0x0000000086e00000, 0x000000008bf80000, 0x00000000d7a00000)
  object space 83456K, 15% used [0x0000000086e00000,0x0000000087a909c0,0x000000008bf80000)
 Metaspace       used 18816K, capacity 19040K, committed 19584K, reserved 1067008K
  class space    used 2227K, capacity 2310K, committed 2432K, reserved 1048576K
GC Heap History (8 events):
Event: 6.071 GC heap before
{Heap before GC invocations=1 (full 0):
 PSYoungGen      total 36352K, used 31232K [0x00000000d7a00000, 0x00000000da280000, 0x0000000100000000)
  eden space 31232K, 100% used [0x00000000d7a00000,0x00000000d9880000,0x00000000d9880000)
  from space 5120K, 0% used [0x00000000d9d80000,0x00000000d9d80000,0x00000000da280000)
  to   space 5120K, 0% used [0x00000000d9880000,0x00000000d9880000,0x00000000d9d80000)
 ParOldGen       total 83456K, used 0K [0x0000000086e00000, 0x000000008bf80000, 0x00000000d7a00000)
  object space 83456K, 0% used [0x0000000086e00000,0x0000000086e00000,0x000000008bf80000)
 Metaspace       used 16878K, capacity 17080K, committed 17408K, reserved 1064960K
  class space    used 2102K, capacity 2190K, committed 2304K, reserved 1048576K
Event: 6.087 GC heap after
Heap after GC invocations=1 (full 0):
 PSYoungGen      total 36352K, used 5113K [0x00000000d7a00000, 0x00000000da280000, 0x0000000100000000)
  eden space 31232K, 0% used [0x00000000d7a00000,0x00000000d7a00000,0x00000000d9880000)
  from space 5120K, 99% used [0x00000000d9880000,0x00000000d9d7e7d0,0x00000000d9d80000)
  to   space 5120K, 0% used [0x00000000d9d80000,0x00000000d9d80000,0x00000000da280000)
 ParOldGen       total 83456K, used 10714K [0x0000000086e00000, 0x000000008bf80000, 0x00000000d7a00000)
  object space 83456K, 12% used [0x0000000086e00000,0x00000000878769b0,0x000000008bf80000)
 Metaspace       used 16878K, capacity 17080K, committed 17408K, reserved 1064960K
  class space    used 2102K, capacity 2190K, committed 2304K, reserved 1048576K
}
Event: 14.523 GC heap before
{Heap before GC invocations=2 (full 0):
 PSYoungGen      total 36352K, used 36345K [0x00000000d7a00000, 0x00000000da280000, 0x0000000100000000)
  eden space 31232K, 100% used [0x00000000d7a00000,0x00000000d9880000,0x00000000d9880000)
  from space 5120K, 99% used [0x00000000d9880000,0x00000000d9d7e7d0,0x00000000d9d80000)
  to   space 5120K, 0% used [0x00000000d9d80000,0x00000000d9d80000,0x00000000da280000)
 ParOldGen       total 83456K, used 10714K [0x0000000086e00000, 0x000000008bf80000, 0x00000000d7a00000)
  object space 83456K, 12% used [0x0000000086e00000,0x00000000878769b0,0x000000008bf80000)
 Metaspace       used 18287K, capacity 18580K, committed 19072K, reserved 1067008K
  class space    used 2211K, capacity 2308K, committed 2432K, reserved 1048576K
Event: 14.532 GC heap after
Heap after GC invocations=2 (full 0):
 PSYoungGen      total 36352K, used 5115K [0x00000000d7a00000, 0x00000000da280000, 0x0000000100000000)
  eden space 31232K, 0% used [0x00000000d7a00000,0x00000000d7a00000,0x00000000d9880000)
  from space 5120K, 99% used [0x00000000d9d80000,0x00000000da27eff0,0x00000000da280000)
  to   space 5120K, 0% used [0x00000000d9880000,0x00000000d9880000,0x00000000d9d80000)
 ParOldGen       total 83456K, used 12482K [0x0000000086e00000, 0x000000008bf80000, 0x00000000d7a00000)
  object space 83456K, 14% used [0x0000000086e00000,0x0000000087a309c0,0x000000008bf80000)
 Metaspace       used 18287K, capacity 18580K, committed 19072K, reserved 1067008K
  class space    used 2211K, capacity 2308K, committed 2432K, reserved 1048576K
}
Event: 17.753 GC heap before
{Heap before GC invocations=3 (full 0):
 PSYoungGen      total 36352K, used 36347K [0x00000000d7a00000, 0x00000000da280000, 0x0000000100000000)
  eden space 31232K, 100% used [0x00000000d7a00000,0x00000000d9880000,0x00000000d9880000)
  from space 5120K, 99% used [0x00000000d9d80000,0x00000000da27eff0,0x00000000da280000)
  to   space 5120K, 0% used [0x00000000d9880000,0x00000000d9880000,0x00000000d9d80000)
 ParOldGen       total 83456K, used 12482K [0x0000000086e00000, 0x000000008bf80000, 0x00000000d7a00000)
  object space 83456K, 14% used [0x0000000086e00000,0x0000000087a309c0,0x000000008bf80000)
 Metaspace       used 18594K, capacity 18772K, committed 19072K, reserved 1067008K
  class space    used 2222K, capacity 2308K, committed 2432K, reserved 1048576K
Event: 17.761 GC heap after
Heap after GC invocations=3 (full 0):
 PSYoungGen      total 36352K, used 5115K [0x00000000d7a00000, 0x00000000da280000, 0x0000000100000000)
  eden space 31232K, 0% used [0x00000000d7a00000,0x00000000d7a00000,0x00000000d9880000)
  from space 5120K, 99% used [0x00000000d9880000,0x00000000d9d7efe0,0x00000000d9d80000)
  to   space 5120K, 0% used [0x00000000d9d80000,0x00000000d9d80000,0x00000000da280000)
 ParOldGen       total 83456K, used 12794K [0x0000000086e00000, 0x000000008bf80000, 0x00000000d7a00000)
  object space 83456K, 15% used [0x0000000086e00000,0x0000000087a7e9c0,0x000000008bf80000)
 Metaspace       used 18594K, capacity 18772K, committed 19072K, reserved 1067008K
  class space    used 2222K, capacity 2308K, committed 2432K, reserved 1048576K
}
Event: 36.353 GC heap before
{Heap before GC invocations=4 (full 0):
 PSYoungGen      total 36352K, used 36347K [0x00000000d7a00000, 0x00000000da280000, 0x0000000100000000)
  eden space 31232K, 100% used [0x00000000d7a00000,0x00000000d9880000,0x00000000d9880000)
  from space 5120K, 99% used [0x00000000d9880000,0x00000000d9d7efe0,0x00000000d9d80000)
  to   space 5120K, 0% used [0x00000000d9d80000,0x00000000d9d80000,0x00000000da280000)
 ParOldGen       total 83456K, used 12794K [0x0000000086e00000, 0x000000008bf80000, 0x00000000d7a00000)
  object space 83456K, 15% used [0x0000000086e00000,0x0000000087a7e9c0,0x000000008bf80000)
 Metaspace       used 18794K, capacity 18976K, committed 19328K, reserved 1067008K
  class space    used 2224K, capacity 2310K, committed 2432K, reserved 1048576K
Event: 36.360 GC heap after
Heap after GC invocations=4 (full 0):
 PSYoungGen      total 36352K, used 5099K [0x00000000d7a00000, 0x00000000da280000, 0x0000000100000000)
  eden space 31232K, 0% used [0x00000000d7a00000,0x00000000d7a00000,0x00000000d9880000)
  from space 5120K, 99% used [0x00000000d9d80000,0x00000000da27aff0,0x00000000da280000)
  to   space 5120K, 0% used [0x00000000d9880000,0x00000000d9880000,0x00000000d9d80000)
 ParOldGen       total 83456K, used 12866K [0x0000000086e00000, 0x000000008bf80000, 0x00000000d7a00000)
  object space 83456K, 15% used [0x0000000086e00000,0x0000000087a909c0,0x000000008bf80000)
 Metaspace       used 18794K, capacity 18976K, committed 19328K, reserved 1067008K
  class space    used 2224K, capacity 2310K, committed 2432K, reserved 1048576K
}

