# JRE version: Java(TM) SE Runtime Environment (8.0_191-b12) (build 1.8.0_191-b12)
# Java VM: Java HotSpot(TM) 64-Bit Server VM (25.191-b12 mixed mode linux-amd64 compressed oops)
Heap:
 PSYoungGen      total 36352K, used 26417K [0x00000000d7a00000, 0x00000000da280000, 0x0000000100000000)
  eden space 31232K, 68% used [0x00000000d7a00000,0x00000000d8ecfbf8,0x00000000d9880000)
  from space 5120K, 99% used [0x00000000d9d80000,0x00000000da27c8b0,0x00000000da280000)
  to   space 5120K, 0% used [0x00000000d9880000,0x00000000d9880000,0x00000000d9d80000)
 ParOldGen       total 83456K, used 12595K [0x0000000086e00000, 0x000000008bf80000, 0x00000000d7a00000)
  object space 83456K, 15% used [0x0000000086e00000,0x0000000087a4ce48,0x000000008bf80000)
 Metaspace       used 18770K, capacity 18984K, committed 19328K, reserved 1067008K
  class space    used 2231K, capacity 2310K, committed 2432K, reserved 1048576K
GC Heap History (4 events):
Event: 6.049 GC heap before
{Heap before GC invocations=1 (full 0):
 PSYoungGen      total 36352K, used 31232K [0x00000000d7a00000, 0x00000000da280000, 0x0000000100000000)
  eden space 31232K, 100% used [0x00000000d7a00000,0x00000000d9880000,0x00000000d9880000)
  from space 5120K, 0% used [0x00000000d9d80000,0x00000000d9d80000,0x00000000da280000)
  to   space 5120K, 0% used [0x00000000d9880000,0x00000000d9880000,0x00000000d9d80000)
 ParOldGen       total 83456K, used 0K [0x0000000086e00000, 0x000000008bf80000, 0x00000000d7a00000)
  object space 83456K, 0% used [0x0000000086e00000,0x0000000086e00000,0x000000008bf80000)
 Metaspace       used 16842K, capacity 17024K, committed 17408K, reserved 1064960K
  class space    used 2100K, capacity 2190K, committed 2304K, reserved 1048576K
Event: 6.064 GC heap after
Heap after GC invocations=1 (full 0):
 PSYoungGen      total 36352K, used 5088K [0x00000000d7a00000, 0x00000000da280000, 0x0000000100000000)
  eden space 31232K, 0% used [0x00000000d7a00000,0x00000000d7a00000,0x00000000d9880000)
  from space 5120K, 99% used [0x00000000d9880000,0x00000000d9d78090,0x00000000d9d80000)
  to   space 5120K, 0% used [0x00000000d9d80000,0x00000000d9d80000,0x00000000da280000)
 ParOldGen       total 83456K, used 10723K [0x0000000086e00000, 0x000000008bf80000, 0x00000000d7a00000)
  object space 83456K, 12% used [0x0000000086e00000,0x0000000087878e18,0x000000008bf80000)
 Metaspace       used 16842K, capacity 17024K, committed 17408K, reserved 1064960K
  class space    used 2100K, capacity 2190K, committed 2304K, reserved 1048576K
}
Event: 12.397 GC heap before
{Heap before GC invocations=2 (full 0):
 PSYoungGen      total 36352K, used 36320K [0x00000000d7a00000, 0x00000000da280000, 0x0000000100000000)
  eden space 31232K, 100% used [0x00000000d7a00000,0x00000000d9880000,0x00000000d9880000)
  from space 5120K, 99% used [0x00000000d9880000,0x00000000d9d78090,0x00000000d9d80000)
  to   space 5120K, 0% used [0x00000000d9d80000,0x00000000d9d80000,0x00000000da280000)
 ParOldGen       total 83456K, used 10723K [0x0000000086e00000, 0x000000008bf80000, 0x00000000d7a00000)
  object space 83456K, 12% used [0x0000000086e00000,0x0000000087878e18,0x000000008bf80000)
 Metaspace       used 18308K, capacity 18588K, committed 19072K, reserved 1067008K
  class space    used 2216K, capacity 2308K, committed 2432K, reserved 1048576K
Event: 12.406 GC heap after
Heap after GC invocations=2 (full 0):
 PSYoungGen      total 36352K, used 5106K [0x00000000d7a00000, 0x00000000da280000, 0x0000000100000000)
  eden space 31232K, 0% used [0x00000000d7a00000,0x00000000d7a00000,0x00000000d9880000)
  from space 5120K, 99% used [0x00000000d9d80000,0x00000000da27c8b0,0x00000000da280000)
  to   space 5120K, 0% used [0x00000000d9880000,0x00000000d9880000,0x00000000d9d80000)
 ParOldGen       total 83456K, used 12595K [0x0000000086e00000, 0x000000008bf80000, 0x00000000d7a00000)
  object space 83456K, 15% used [0x0000000086e00000,0x0000000087a4ce48,0x000000008bf80000)
 Metaspace       used 18308K, capacity 18588K, committed 19072K, reserved 1067008K
  class space    used 2216K, capacity 2308K, committed 2432K, reserved 1048576K
}

